StepApp/app/build/intermediates/manifest_merge_blame_file/debug/manifest-merger-blame-debug-report.txt
1<?xml version="1.0" encoding="utf-8"?>
2<manifest xmlns:android="http://schemas.android.com/apk/res/android"
3    package="com.example.stepapp"
4    android:versionCode="1"
5    android:versionName="1.0" >
6
7    <uses-sdk
8        android:minSdkVersion="26"
8-->src/main/AndroidManifest.xml
9        android:targetSdkVersion="30" />
9-->src/main/AndroidManifest.xml
10
11    <uses-permission android:name="android.permission.USE_BIOMETRIC" /> <!-- suppress DeprecatedClassUsageInspection -->
11-->[androidx.biometric:biometric:1.1.0] AndroidManifest.xml:24:5-72
11-->[androidx.biometric:biometric:1.1.0] AndroidManifest.xml:24:22-69
12    <uses-permission android:name="android.permission.USE_FINGERPRINT" />
12-->[androidx.biometric:biometric:1.1.0] AndroidManifest.xml:27:5-74
12-->[androidx.biometric:biometric:1.1.0] AndroidManifest.xml:27:22-71
13
14    <application
14-->src/main/AndroidManifest.xml:6:5-27:19
15        android:allowBackup="true"
15-->src/main/AndroidManifest.xml:8:9-35
16        android:appComponentFactory="androidx.core.app.CoreComponentFactory"
16-->[androidx.core:core:1.3.2] AndroidManifest.xml:24:18-86
17        android:debuggable="true"
18        android:extractNativeLibs="false"
19        android:icon="@drawable/ic_appicon"
19-->src/main/AndroidManifest.xml:9:9-44
20        android:label="Happy feet"
20-->src/main/AndroidManifest.xml:10:9-35
21        android:roundIcon="@drawable/ic_appicon"
21-->src/main/AndroidManifest.xml:11:9-49
22        android:supportsRtl="true"
22-->src/main/AndroidManifest.xml:12:9-35
23        android:theme="@style/AppTheme.NoActionBar" >
23-->src/main/AndroidManifest.xml:13:9-52
24        <activity android:name="com.example.stepapp.LoginActivity" >
24-->src/main/AndroidManifest.xml:14:9-20:20
24-->src/main/AndroidManifest.xml:14:19-48
25            <intent-filter>
25-->src/main/AndroidManifest.xml:15:13-19:29
26                <action android:name="android.intent.action.MAIN" />
26-->src/main/AndroidManifest.xml:16:17-69
26-->src/main/AndroidManifest.xml:16:25-66
27
28                <category android:name="android.intent.category.LAUNCHER" />
28-->src/main/AndroidManifest.xml:18:17-77
28-->src/main/AndroidManifest.xml:18:27-74
29            </intent-filter>
30        </activity>
31        <activity android:name="com.example.stepapp.RegisterActivity" />
31-->src/main/AndroidManifest.xml:21:9-53
31-->src/main/AndroidManifest.xml:21:19-51
32        <activity android:name="com.example.stepapp.MainActivity" >
32-->src/main/AndroidManifest.xml:22:9-24:20
32-->src/main/AndroidManifest.xml:22:19-47
33        </activity>
34
35        <provider
35-->[androidx.lifecycle:lifecycle-process:2.2.0] AndroidManifest.xml:25:9-29:43
36            android:name="androidx.lifecycle.ProcessLifecycleOwnerInitializer"
36-->[androidx.lifecycle:lifecycle-process:2.2.0] AndroidManifest.xml:26:13-79
37            android:authorities="com.example.stepapp.lifecycle-process"
37-->[androidx.lifecycle:lifecycle-process:2.2.0] AndroidManifest.xml:27:13-69
38            android:exported="false"
38-->[androidx.lifecycle:lifecycle-process:2.2.0] AndroidManifest.xml:28:13-37
39            android:multiprocess="true" />
39-->[androidx.lifecycle:lifecycle-process:2.2.0] AndroidManifest.xml:29:13-40
40    </application>
41
42</manifest>